GROUP,PACKAGE,CLASS,INSTRUCTION_MISSED,INSTRUCTION_COVERED,BRANCH_MISSED,BRANCH_COVERED,LINE_MISSED,LINE_COVERED,COMPLEXITY_MISSED,COMPLEXITY_COVERED,METHOD_MISSED,METHOD_COVERED
jacoco,com.gmoon.jacoco.users.api,UserRestController,5,26,1,1,1,7,1,3,0,3
jacoco,com.gmoon.jacoco.users.infra,UserRepositoryAdapter,5,12,0,0,1,2,1,2,1,2
jacoco,com.gmoon.jacoco.users.application,UserService,19,50,2,2,3,13,4,5,2,5
jacoco,com.gmoon.jacoco.users.domain,User,74,68,14,0,5,20,14,12,7,12
jacoco,com.gmoon.jacoco.users.domain,UserOption,75,6,14,0,4,2,13,2,6,2
jacoco,com.gmoon.jacoco.users.domain,Role,0,29,0,0,0,4,0,3,0,3
jacoco,com.gmoon.jacoco.users.domain,Role.Constants,3,0,0,0,1,0,1,0,1,0
